<?xml version="1.0" encoding="UTF-8"?>
<testsuite xmlns:xsi="http://www.w3.org/2001/XMLSchema-instance" xsi:noNamespaceSchemaLocation="https://maven.apache.org/surefire/maven-surefire-plugin/xsd/surefire-test-report-3.0.xsd" version="3.0" name="com.baden.InstitutionRepositoryUnitTest" time="1.843" tests="6" errors="0" skipped="0" failures="0">
  <properties>
[...]
</properties>
  <testcase name="saveInstitution" classname="com.baden.InstitutionRepositoryUnitTest" time="0.119">
    <system-out><![CDATA[2023-10-30T00:00:01.737+02:00  INFO 11757 --- [           main] t.c.s.AnnotationConfigContextLoaderUtils : Could not detect default configuration classes for test class [com.baden.InstitutionRepositoryUnitTest]: InstitutionRepositoryUnitTest does not declare any static, non-private, non-final, nested classes annotated with @Configuration.
2023-10-30T00:00:01.744+02:00  INFO 11757 --- [           main] .b.t.c.SpringBootTestContextBootstrapper : Found @SpringBootConfiguration com.baden.Application for test class com.baden.InstitutionRepositoryUnitTest

  .   ____          _            __ _ _
 /\\ / ___'_ __ _ _(_)_ __  __ _ \ \ \ \
( ( )\___ | '_ | '_| | '_ \/ _` | \ \ \ \
 \\/  ___)| |_)| | | | | || (_| |  ) ) ) )
  '  |____| .__|_| |_|_| |_\__, | / / / /
 =========|_|==============|___/=/_/_/_/
 :: Spring Boot ::                (v3.1.4)

2023-10-30T00:00:01.762+02:00  INFO 11757 --- [           main] c.baden.InstitutionRepositoryUnitTest    : Starting InstitutionRepositoryUnitTest using Java 17.0.7 with PID 11757 (started by baden in /home/baden/Downloads/za-coding-institutions-api)
2023-10-30T00:00:01.762+02:00  INFO 11757 --- [           main] c.baden.InstitutionRepositoryUnitTest    : The following 1 profile is active: "default"
2023-10-30T00:00:01.889+02:00  INFO 11757 --- [           main] .s.d.r.c.RepositoryConfigurationDelegate : Bootstrapping Spring Data JPA repositories in DEFAULT mode.
2023-10-30T00:00:01.912+02:00  INFO 11757 --- [           main] .s.d.r.c.RepositoryConfigurationDelegate : Finished Spring Data repository scanning in 18 ms. Found 1 JPA repository interfaces.
2023-10-30T00:00:01.943+02:00  INFO 11757 --- [           main] beddedDataSourceBeanFactoryPostProcessor : Replacing 'dataSource' DataSource bean with embedded version
2023-10-30T00:00:01.969+02:00  INFO 11757 --- [           main] o.s.j.d.e.EmbeddedDatabaseFactory        : Starting embedded database: url='jdbc:h2:mem:30e28536-9cad-438d-808d-ff4b8f025971;DB_CLOSE_DELAY=-1;DB_CLOSE_ON_EXIT=false', username='sa'
2023-10-30T00:00:02.131+02:00  INFO 11757 --- [           main] o.hibernate.jpa.internal.util.LogHelper  : HHH000204: Processing PersistenceUnitInfo [name: default]
2023-10-30T00:00:02.156+02:00  INFO 11757 --- [           main] org.hibernate.Version                    : HHH000412: Hibernate ORM core version 6.2.9.Final
2023-10-30T00:00:02.157+02:00  INFO 11757 --- [           main] org.hibernate.cfg.Environment            : HHH000406: Using bytecode reflection optimizer
2023-10-30T00:00:02.228+02:00  INFO 11757 --- [           main] o.h.b.i.BytecodeProviderInitiator        : HHH000021: Bytecode provider name : bytebuddy
2023-10-30T00:00:02.233+02:00  INFO 11757 --- [           main] o.s.o.j.p.SpringPersistenceUnitInfo      : No LoadTimeWeaver setup: ignoring JPA class transformer
2023-10-30T00:00:02.350+02:00  INFO 11757 --- [           main] o.h.b.i.BytecodeProviderInitiator        : HHH000021: Bytecode provider name : bytebuddy
2023-10-30T00:00:02.582+02:00  INFO 11757 --- [           main] o.h.e.t.j.p.i.JtaPlatformInitiator       : HHH000490: Using JtaPlatform implementation: [org.hibernate.engine.transaction.jta.platform.internal.NoJtaPlatform]
Hibernate: drop table if exists institution cascade 
Hibernate: create table institution (institution_id integer generated by default as identity, institution_description TEXT, institution_email VARCHAR(50) not null, institution_name VARCHAR(50) not null, institution_phone VARCHAR(20), institution_website VARCHAR(50) not null, primary key (institution_id))
2023-10-30T00:00:02.624+02:00  INFO 11757 --- [           main] j.LocalContainerEntityManagerFactoryBean : Initialized JPA EntityManagerFactory for persistence unit 'default'
2023-10-30T00:00:02.768+02:00  INFO 11757 --- [           main] c.baden.InstitutionRepositoryUnitTest    : Started InstitutionRepositoryUnitTest in 1.021 seconds (process running for 3.707)
Hibernate: insert into institution (institution_description,institution_email,institution_name,institution_phone,institution_website,institution_id) values (?,?,?,?,?,default)
Hibernate: insert into institution (institution_description,institution_email,institution_name,institution_phone,institution_website,institution_id) values (?,?,?,?,?,default)
Hibernate: insert into institution (institution_description,institution_email,institution_name,institution_phone,institution_website,institution_id) values (?,?,?,?,?,default)
Hibernate: select i1_0.institution_id,i1_0.institution_description,i1_0.institution_email,i1_0.institution_name,i1_0.institution_phone,i1_0.institution_website from institution i1_0
Hibernate: select i1_0.institution_id,i1_0.institution_description,i1_0.institution_email,i1_0.institution_name,i1_0.institution_phone,i1_0.institution_website from institution i1_0
2023-10-30T00:00:02.881+02:00  INFO 11757 --- [           main] j.LocalContainerEntityManagerFactoryBean : Closing JPA EntityManagerFactory for persistence unit 'default'
]]></system-out>
  </testcase>
  <testcase name="updateInstitutionId" classname="com.baden.InstitutionRepositoryUnitTest" time="0.017">
    <system-out><![CDATA[
  .   ____          _            __ _ _
 /\\ / ___'_ __ _ _(_)_ __  __ _ \ \ \ \
( ( )\___ | '_ | '_| | '_ \/ _` | \ \ \ \
 \\/  ___)| |_)| | | | | || (_| |  ) ) ) )
  '  |____| .__|_| |_|_| |_\__, | / / / /
 =========|_|==============|___/=/_/_/_/
 :: Spring Boot ::                (v3.1.4)

2023-10-30T00:00:02.902+02:00  INFO 11757 --- [           main] c.baden.InstitutionRepositoryUnitTest    : Starting InstitutionRepositoryUnitTest using Java 17.0.7 with PID 11757 (started by baden in /home/baden/Downloads/za-coding-institutions-api)
2023-10-30T00:00:02.902+02:00  INFO 11757 --- [           main] c.baden.InstitutionRepositoryUnitTest    : The following 1 profile is active: "default"
2023-10-30T00:00:02.936+02:00  INFO 11757 --- [           main] .s.d.r.c.RepositoryConfigurationDelegate : Bootstrapping Spring Data JPA repositories in DEFAULT mode.
2023-10-30T00:00:02.941+02:00  INFO 11757 --- [           main] .s.d.r.c.RepositoryConfigurationDelegate : Finished Spring Data repository scanning in 4 ms. Found 1 JPA repository interfaces.
2023-10-30T00:00:02.945+02:00  INFO 11757 --- [           main] beddedDataSourceBeanFactoryPostProcessor : Replacing 'dataSource' DataSource bean with embedded version
2023-10-30T00:00:02.950+02:00  INFO 11757 --- [           main] o.s.j.d.e.EmbeddedDatabaseFactory        : Starting embedded database: url='jdbc:h2:mem:be3cc6e1-8424-410a-b905-aca5df17bc91;DB_CLOSE_DELAY=-1;DB_CLOSE_ON_EXIT=false', username='sa'
2023-10-30T00:00:02.960+02:00  INFO 11757 --- [           main] o.hibernate.jpa.internal.util.LogHelper  : HHH000204: Processing PersistenceUnitInfo [name: default]
2023-10-30T00:00:02.963+02:00  INFO 11757 --- [           main] o.h.b.i.BytecodeProviderInitiator        : HHH000021: Bytecode provider name : bytebuddy
2023-10-30T00:00:02.963+02:00  INFO 11757 --- [           main] o.s.o.j.p.SpringPersistenceUnitInfo      : No LoadTimeWeaver setup: ignoring JPA class transformer
2023-10-30T00:00:02.967+02:00  INFO 11757 --- [           main] o.h.b.i.BytecodeProviderInitiator        : HHH000021: Bytecode provider name : bytebuddy
2023-10-30T00:00:02.977+02:00  INFO 11757 --- [           main] o.h.e.t.j.p.i.JtaPlatformInitiator       : HHH000490: Using JtaPlatform implementation: [org.hibernate.engine.transaction.jta.platform.internal.NoJtaPlatform]
Hibernate: drop table if exists institution cascade 
Hibernate: create table institution (institution_id integer generated by default as identity, institution_description TEXT, institution_email VARCHAR(50) not null, institution_name VARCHAR(50) not null, institution_phone VARCHAR(20), institution_website VARCHAR(50) not null, primary key (institution_id))
2023-10-30T00:00:02.979+02:00  INFO 11757 --- [           main] j.LocalContainerEntityManagerFactoryBean : Initialized JPA EntityManagerFactory for persistence unit 'default'
2023-10-30T00:00:03.010+02:00  INFO 11757 --- [           main] c.baden.InstitutionRepositoryUnitTest    : Started InstitutionRepositoryUnitTest in 0.119 seconds (process running for 3.949)
Hibernate: insert into institution (institution_description,institution_email,institution_name,institution_phone,institution_website,institution_id) values (?,?,?,?,?,default)
Hibernate: insert into institution (institution_description,institution_email,institution_name,institution_phone,institution_website,institution_id) values (?,?,?,?,?,default)
Hibernate: update institution set institution_description=?,institution_email=?,institution_name=?,institution_phone=?,institution_website=? where institution_id=?
Hibernate: select i1_0.institution_id,i1_0.institution_description,i1_0.institution_email,i1_0.institution_name,i1_0.institution_phone,i1_0.institution_website from institution i1_0
2023-10-30T00:00:03.028+02:00  INFO 11757 --- [           main] j.LocalContainerEntityManagerFactoryBean : Closing JPA EntityManagerFactory for persistence unit 'default'
]]></system-out>
  </testcase>
  <testcase name="getInvalidInstitutionId" classname="com.baden.InstitutionRepositoryUnitTest" time="0.015">
    <system-out><![CDATA[
  .   ____          _            __ _ _
 /\\ / ___'_ __ _ _(_)_ __  __ _ \ \ \ \
( ( )\___ | '_ | '_| | '_ \/ _` | \ \ \ \
 \\/  ___)| |_)| | | | | || (_| |  ) ) ) )
  '  |____| .__|_| |_|_| |_\__, | / / / /
 =========|_|==============|___/=/_/_/_/
 :: Spring Boot ::                (v3.1.4)

2023-10-30T00:00:03.042+02:00  INFO 11757 --- [           main] c.baden.InstitutionRepositoryUnitTest    : Starting InstitutionRepositoryUnitTest using Java 17.0.7 with PID 11757 (started by baden in /home/baden/Downloads/za-coding-institutions-api)
2023-10-30T00:00:03.042+02:00  INFO 11757 --- [           main] c.baden.InstitutionRepositoryUnitTest    : The following 1 profile is active: "default"
2023-10-30T00:00:03.073+02:00  INFO 11757 --- [           main] .s.d.r.c.RepositoryConfigurationDelegate : Bootstrapping Spring Data JPA repositories in DEFAULT mode.
2023-10-30T00:00:03.077+02:00  INFO 11757 --- [           main] .s.d.r.c.RepositoryConfigurationDelegate : Finished Spring Data repository scanning in 3 ms. Found 1 JPA repository interfaces.
2023-10-30T00:00:03.081+02:00  INFO 11757 --- [           main] beddedDataSourceBeanFactoryPostProcessor : Replacing 'dataSource' DataSource bean with embedded version
2023-10-30T00:00:03.093+02:00  INFO 11757 --- [           main] o.s.j.d.e.EmbeddedDatabaseFactory        : Starting embedded database: url='jdbc:h2:mem:a44e4576-4d25-471e-8992-f48352565fe6;DB_CLOSE_DELAY=-1;DB_CLOSE_ON_EXIT=false', username='sa'
2023-10-30T00:00:03.103+02:00  INFO 11757 --- [           main] o.hibernate.jpa.internal.util.LogHelper  : HHH000204: Processing PersistenceUnitInfo [name: default]
2023-10-30T00:00:03.106+02:00  INFO 11757 --- [           main] o.h.b.i.BytecodeProviderInitiator        : HHH000021: Bytecode provider name : bytebuddy
2023-10-30T00:00:03.106+02:00  INFO 11757 --- [           main] o.s.o.j.p.SpringPersistenceUnitInfo      : No LoadTimeWeaver setup: ignoring JPA class transformer
2023-10-30T00:00:03.109+02:00  INFO 11757 --- [           main] o.h.b.i.BytecodeProviderInitiator        : HHH000021: Bytecode provider name : bytebuddy
2023-10-30T00:00:03.120+02:00  INFO 11757 --- [           main] o.h.e.t.j.p.i.JtaPlatformInitiator       : HHH000490: Using JtaPlatform implementation: [org.hibernate.engine.transaction.jta.platform.internal.NoJtaPlatform]
Hibernate: drop table if exists institution cascade 
Hibernate: create table institution (institution_id integer generated by default as identity, institution_description TEXT, institution_email VARCHAR(50) not null, institution_name VARCHAR(50) not null, institution_phone VARCHAR(20), institution_website VARCHAR(50) not null, primary key (institution_id))
2023-10-30T00:00:03.122+02:00  INFO 11757 --- [           main] j.LocalContainerEntityManagerFactoryBean : Initialized JPA EntityManagerFactory for persistence unit 'default'
2023-10-30T00:00:03.151+02:00  INFO 11757 --- [           main] c.baden.InstitutionRepositoryUnitTest    : Started InstitutionRepositoryUnitTest in 0.12 seconds (process running for 4.09)
Hibernate: insert into institution (institution_description,institution_email,institution_name,institution_phone,institution_website,institution_id) values (?,?,?,?,?,default)
Hibernate: insert into institution (institution_description,institution_email,institution_name,institution_phone,institution_website,institution_id) values (?,?,?,?,?,default)
Hibernate: select i1_0.institution_id,i1_0.institution_description,i1_0.institution_email,i1_0.institution_name,i1_0.institution_phone,i1_0.institution_website from institution i1_0 where i1_0.institution_id=?
Hibernate: select i1_0.institution_id,i1_0.institution_description,i1_0.institution_email,i1_0.institution_name,i1_0.institution_phone,i1_0.institution_website from institution i1_0
2023-10-30T00:00:03.167+02:00  INFO 11757 --- [           main] j.LocalContainerEntityManagerFactoryBean : Closing JPA EntityManagerFactory for persistence unit 'default'
]]></system-out>
  </testcase>
  <testcase name="deleteInstitution" classname="com.baden.InstitutionRepositoryUnitTest" time="0.018">
    <system-out><![CDATA[
  .   ____          _            __ _ _
 /\\ / ___'_ __ _ _(_)_ __  __ _ \ \ \ \
( ( )\___ | '_ | '_| | '_ \/ _` | \ \ \ \
 \\/  ___)| |_)| | | | | || (_| |  ) ) ) )
  '  |____| .__|_| |_|_| |_\__, | / / / /
 =========|_|==============|___/=/_/_/_/
 :: Spring Boot ::                (v3.1.4)

2023-10-30T00:00:03.189+02:00  INFO 11757 --- [           main] c.baden.InstitutionRepositoryUnitTest    : Starting InstitutionRepositoryUnitTest using Java 17.0.7 with PID 11757 (started by baden in /home/baden/Downloads/za-coding-institutions-api)
2023-10-30T00:00:03.189+02:00  INFO 11757 --- [           main] c.baden.InstitutionRepositoryUnitTest    : The following 1 profile is active: "default"
2023-10-30T00:00:03.240+02:00  INFO 11757 --- [           main] .s.d.r.c.RepositoryConfigurationDelegate : Bootstrapping Spring Data JPA repositories in DEFAULT mode.
2023-10-30T00:00:03.244+02:00  INFO 11757 --- [           main] .s.d.r.c.RepositoryConfigurationDelegate : Finished Spring Data repository scanning in 3 ms. Found 1 JPA repository interfaces.
2023-10-30T00:00:03.248+02:00  INFO 11757 --- [           main] beddedDataSourceBeanFactoryPostProcessor : Replacing 'dataSource' DataSource bean with embedded version
2023-10-30T00:00:03.252+02:00  INFO 11757 --- [           main] o.s.j.d.e.EmbeddedDatabaseFactory        : Starting embedded database: url='jdbc:h2:mem:9588977d-7cd4-418d-9665-91cc35ea0f1d;DB_CLOSE_DELAY=-1;DB_CLOSE_ON_EXIT=false', username='sa'
2023-10-30T00:00:03.262+02:00  INFO 11757 --- [           main] o.hibernate.jpa.internal.util.LogHelper  : HHH000204: Processing PersistenceUnitInfo [name: default]
2023-10-30T00:00:03.265+02:00  INFO 11757 --- [           main] o.h.b.i.BytecodeProviderInitiator        : HHH000021: Bytecode provider name : bytebuddy
2023-10-30T00:00:03.265+02:00  INFO 11757 --- [           main] o.s.o.j.p.SpringPersistenceUnitInfo      : No LoadTimeWeaver setup: ignoring JPA class transformer
2023-10-30T00:00:03.269+02:00  INFO 11757 --- [           main] o.h.b.i.BytecodeProviderInitiator        : HHH000021: Bytecode provider name : bytebuddy
2023-10-30T00:00:03.278+02:00  INFO 11757 --- [           main] o.h.e.t.j.p.i.JtaPlatformInitiator       : HHH000490: Using JtaPlatform implementation: [org.hibernate.engine.transaction.jta.platform.internal.NoJtaPlatform]
Hibernate: drop table if exists institution cascade 
Hibernate: create table institution (institution_id integer generated by default as identity, institution_description TEXT, institution_email VARCHAR(50) not null, institution_name VARCHAR(50) not null, institution_phone VARCHAR(20), institution_website VARCHAR(50) not null, primary key (institution_id))
2023-10-30T00:00:03.280+02:00  INFO 11757 --- [           main] j.LocalContainerEntityManagerFactoryBean : Initialized JPA EntityManagerFactory for persistence unit 'default'
2023-10-30T00:00:03.318+02:00  INFO 11757 --- [           main] c.baden.InstitutionRepositoryUnitTest    : Started InstitutionRepositoryUnitTest in 0.148 seconds (process running for 4.257)
Hibernate: insert into institution (institution_description,institution_email,institution_name,institution_phone,institution_website,institution_id) values (?,?,?,?,?,default)
Hibernate: insert into institution (institution_description,institution_email,institution_name,institution_phone,institution_website,institution_id) values (?,?,?,?,?,default)
Hibernate: delete from institution where institution_id=?
Hibernate: select i1_0.institution_id,i1_0.institution_description,i1_0.institution_email,i1_0.institution_name,i1_0.institution_phone,i1_0.institution_website from institution i1_0
2023-10-30T00:00:03.337+02:00  INFO 11757 --- [           main] j.LocalContainerEntityManagerFactoryBean : Closing JPA EntityManagerFactory for persistence unit 'default'
]]></system-out>
  </testcase>
  <testcase name="getAllInstitutions" classname="com.baden.InstitutionRepositoryUnitTest" time="0.012">
    <system-out><![CDATA[
  .   ____          _            __ _ _
 /\\ / ___'_ __ _ _(_)_ __  __ _ \ \ \ \
( ( )\___ | '_ | '_| | '_ \/ _` | \ \ \ \
 \\/  ___)| |_)| | | | | || (_| |  ) ) ) )
  '  |____| .__|_| |_|_| |_\__, | / / / /
 =========|_|==============|___/=/_/_/_/
 :: Spring Boot ::                (v3.1.4)

2023-10-30T00:00:03.353+02:00  INFO 11757 --- [           main] c.baden.InstitutionRepositoryUnitTest    : Starting InstitutionRepositoryUnitTest using Java 17.0.7 with PID 11757 (started by baden in /home/baden/Downloads/za-coding-institutions-api)
2023-10-30T00:00:03.353+02:00  INFO 11757 --- [           main] c.baden.InstitutionRepositoryUnitTest    : The following 1 profile is active: "default"
2023-10-30T00:00:03.384+02:00  INFO 11757 --- [           main] .s.d.r.c.RepositoryConfigurationDelegate : Bootstrapping Spring Data JPA repositories in DEFAULT mode.
2023-10-30T00:00:03.388+02:00  INFO 11757 --- [           main] .s.d.r.c.RepositoryConfigurationDelegate : Finished Spring Data repository scanning in 3 ms. Found 1 JPA repository interfaces.
2023-10-30T00:00:03.392+02:00  INFO 11757 --- [           main] beddedDataSourceBeanFactoryPostProcessor : Replacing 'dataSource' DataSource bean with embedded version
2023-10-30T00:00:03.397+02:00  INFO 11757 --- [           main] o.s.j.d.e.EmbeddedDatabaseFactory        : Starting embedded database: url='jdbc:h2:mem:edcb9d24-3179-4cc5-a68e-837a062b3b85;DB_CLOSE_DELAY=-1;DB_CLOSE_ON_EXIT=false', username='sa'
2023-10-30T00:00:03.405+02:00  INFO 11757 --- [           main] o.hibernate.jpa.internal.util.LogHelper  : HHH000204: Processing PersistenceUnitInfo [name: default]
2023-10-30T00:00:03.407+02:00  INFO 11757 --- [           main] o.h.b.i.BytecodeProviderInitiator        : HHH000021: Bytecode provider name : bytebuddy
2023-10-30T00:00:03.408+02:00  INFO 11757 --- [           main] o.s.o.j.p.SpringPersistenceUnitInfo      : No LoadTimeWeaver setup: ignoring JPA class transformer
2023-10-30T00:00:03.411+02:00  INFO 11757 --- [           main] o.h.b.i.BytecodeProviderInitiator        : HHH000021: Bytecode provider name : bytebuddy
2023-10-30T00:00:03.420+02:00  INFO 11757 --- [           main] o.h.e.t.j.p.i.JtaPlatformInitiator       : HHH000490: Using JtaPlatform implementation: [org.hibernate.engine.transaction.jta.platform.internal.NoJtaPlatform]
Hibernate: drop table if exists institution cascade 
Hibernate: create table institution (institution_id integer generated by default as identity, institution_description TEXT, institution_email VARCHAR(50) not null, institution_name VARCHAR(50) not null, institution_phone VARCHAR(20), institution_website VARCHAR(50) not null, primary key (institution_id))
2023-10-30T00:00:03.422+02:00  INFO 11757 --- [           main] j.LocalContainerEntityManagerFactoryBean : Initialized JPA EntityManagerFactory for persistence unit 'default'
2023-10-30T00:00:03.449+02:00  INFO 11757 --- [           main] c.baden.InstitutionRepositoryUnitTest    : Started InstitutionRepositoryUnitTest in 0.109 seconds (process running for 4.388)
Hibernate: insert into institution (institution_description,institution_email,institution_name,institution_phone,institution_website,institution_id) values (?,?,?,?,?,default)
Hibernate: insert into institution (institution_description,institution_email,institution_name,institution_phone,institution_website,institution_id) values (?,?,?,?,?,default)
Hibernate: select i1_0.institution_id,i1_0.institution_description,i1_0.institution_email,i1_0.institution_name,i1_0.institution_phone,i1_0.institution_website from institution i1_0
Hibernate: select i1_0.institution_id,i1_0.institution_description,i1_0.institution_email,i1_0.institution_name,i1_0.institution_phone,i1_0.institution_website from institution i1_0
2023-10-30T00:00:03.461+02:00  INFO 11757 --- [           main] j.LocalContainerEntityManagerFactoryBean : Closing JPA EntityManagerFactory for persistence unit 'default'
]]></system-out>
  </testcase>
  <testcase name="getInstitutionById" classname="com.baden.InstitutionRepositoryUnitTest" time="0.007">
    <system-out><![CDATA[
  .   ____          _            __ _ _
 /\\ / ___'_ __ _ _(_)_ __  __ _ \ \ \ \
( ( )\___ | '_ | '_| | '_ \/ _` | \ \ \ \
 \\/  ___)| |_)| | | | | || (_| |  ) ) ) )
  '  |____| .__|_| |_|_| |_\__, | / / / /
 =========|_|==============|___/=/_/_/_/
 :: Spring Boot ::                (v3.1.4)

2023-10-30T00:00:03.472+02:00  INFO 11757 --- [           main] c.baden.InstitutionRepositoryUnitTest    : Starting InstitutionRepositoryUnitTest using Java 17.0.7 with PID 11757 (started by baden in /home/baden/Downloads/za-coding-institutions-api)
2023-10-30T00:00:03.473+02:00  INFO 11757 --- [           main] c.baden.InstitutionRepositoryUnitTest    : The following 1 profile is active: "default"
2023-10-30T00:00:03.500+02:00  INFO 11757 --- [           main] .s.d.r.c.RepositoryConfigurationDelegate : Bootstrapping Spring Data JPA repositories in DEFAULT mode.
2023-10-30T00:00:03.504+02:00  INFO 11757 --- [           main] .s.d.r.c.RepositoryConfigurationDelegate : Finished Spring Data repository scanning in 3 ms. Found 1 JPA repository interfaces.
2023-10-30T00:00:03.508+02:00  INFO 11757 --- [           main] beddedDataSourceBeanFactoryPostProcessor : Replacing 'dataSource' DataSource bean with embedded version
2023-10-30T00:00:03.512+02:00  INFO 11757 --- [           main] o.s.j.d.e.EmbeddedDatabaseFactory        : Starting embedded database: url='jdbc:h2:mem:942d471f-8b37-47ad-9181-d41702838bdc;DB_CLOSE_DELAY=-1;DB_CLOSE_ON_EXIT=false', username='sa'
2023-10-30T00:00:03.526+02:00  INFO 11757 --- [           main] o.hibernate.jpa.internal.util.LogHelper  : HHH000204: Processing PersistenceUnitInfo [name: default]
2023-10-30T00:00:03.528+02:00  INFO 11757 --- [           main] o.h.b.i.BytecodeProviderInitiator        : HHH000021: Bytecode provider name : bytebuddy
2023-10-30T00:00:03.528+02:00  INFO 11757 --- [           main] o.s.o.j.p.SpringPersistenceUnitInfo      : No LoadTimeWeaver setup: ignoring JPA class transformer
2023-10-30T00:00:03.532+02:00  INFO 11757 --- [           main] o.h.b.i.BytecodeProviderInitiator        : HHH000021: Bytecode provider name : bytebuddy
2023-10-30T00:00:03.541+02:00  INFO 11757 --- [           main] o.h.e.t.j.p.i.JtaPlatformInitiator       : HHH000490: Using JtaPlatform implementation: [org.hibernate.engine.transaction.jta.platform.internal.NoJtaPlatform]
Hibernate: drop table if exists institution cascade 
Hibernate: create table institution (institution_id integer generated by default as identity, institution_description TEXT, institution_email VARCHAR(50) not null, institution_name VARCHAR(50) not null, institution_phone VARCHAR(20), institution_website VARCHAR(50) not null, primary key (institution_id))
2023-10-30T00:00:03.543+02:00  INFO 11757 --- [           main] j.LocalContainerEntityManagerFactoryBean : Initialized JPA EntityManagerFactory for persistence unit 'default'
2023-10-30T00:00:03.567+02:00  INFO 11757 --- [           main] c.baden.InstitutionRepositoryUnitTest    : Started InstitutionRepositoryUnitTest in 0.103 seconds (process running for 4.506)
Hibernate: insert into institution (institution_description,institution_email,institution_name,institution_phone,institution_website,institution_id) values (?,?,?,?,?,default)
Hibernate: insert into institution (institution_description,institution_email,institution_name,institution_phone,institution_website,institution_id) values (?,?,?,?,?,default)
Hibernate: select i1_0.institution_id,i1_0.institution_description,i1_0.institution_email,i1_0.institution_name,i1_0.institution_phone,i1_0.institution_website from institution i1_0
2023-10-30T00:00:03.575+02:00  INFO 11757 --- [           main] j.LocalContainerEntityManagerFactoryBean : Closing JPA EntityManagerFactory for persistence unit 'default'
]]></system-out>
  </testcase>
</testsuite>