<?xml version="1.0" encoding="UTF-8"?>
<testsuite xmlns:xsi="http://www.w3.org/2001/XMLSchema-instance" xsi:noNamespaceSchemaLocation="https://maven.apache.org/surefire/maven-surefire-plugin/xsd/surefire-test-report-3.0.xsd" version="3.0" name="com.baden.InstitutionApiIntegrationTest$getMethodTests" time="1.1" tests="4" errors="0" skipped="0" failures="0">
  <properties>
[...]
</properties>
  <testcase name="getOne_whenInstitutionExists_shouldReturnInstitution" classname="com.baden.InstitutionApiIntegrationTest$getMethodTests" time="0.043">
    <system-out><![CDATA[2023-10-30T00:00:05.522+02:00  INFO 11757 --- [           main] t.c.s.AnnotationConfigContextLoaderUtils : Could not detect default configuration classes for test class [com.baden.InstitutionApiIntegrationTest$getMethodTests]: getMethodTests does not declare any static, non-private, non-final, nested classes annotated with @Configuration.
2023-10-30T00:00:05.523+02:00  INFO 11757 --- [           main] .b.t.c.SpringBootTestContextBootstrapper : Found @SpringBootConfiguration com.baden.Application for test class com.baden.InstitutionApiIntegrationTest$getMethodTests

  .   ____          _            __ _ _
 /\\ / ___'_ __ _ _(_)_ __  __ _ \ \ \ \
( ( )\___ | '_ | '_| | '_ \/ _` | \ \ \ \
 \\/  ___)| |_)| | | | | || (_| |  ) ) ) )
  '  |____| .__|_| |_|_| |_\__, | / / / /
 =========|_|==============|___/=/_/_/_/
 :: Spring Boot ::                (v3.1.4)

2023-10-30T00:00:05.541+02:00  INFO 11757 --- [           main] c.baden.InstitutionApiIntegrationTest    : Starting InstitutionApiIntegrationTest using Java 17.0.7 with PID 11757 (started by baden in /home/baden/Downloads/za-coding-institutions-api)
2023-10-30T00:00:05.541+02:00  INFO 11757 --- [           main] c.baden.InstitutionApiIntegrationTest    : The following 1 profile is active: "default"
2023-10-30T00:00:05.589+02:00  INFO 11757 --- [           main] .s.d.r.c.RepositoryConfigurationDelegate : Bootstrapping Spring Data JPA repositories in DEFAULT mode.
2023-10-30T00:00:05.592+02:00  INFO 11757 --- [           main] .s.d.r.c.RepositoryConfigurationDelegate : Finished Spring Data repository scanning in 2 ms. Found 1 JPA repository interfaces.
2023-10-30T00:00:05.615+02:00  INFO 11757 --- [           main] o.s.b.w.embedded.tomcat.TomcatWebServer  : Tomcat initialized with port(s): 0 (http)
2023-10-30T00:00:05.616+02:00  INFO 11757 --- [           main] o.apache.catalina.core.StandardService   : Starting service [Tomcat]
2023-10-30T00:00:05.616+02:00  INFO 11757 --- [           main] o.apache.catalina.core.StandardEngine    : Starting Servlet engine: [Apache Tomcat/10.1.13]
2023-10-30T00:00:05.621+02:00  INFO 11757 --- [           main] o.a.c.c.C.[Tomcat].[localhost].[/]       : Initializing Spring embedded WebApplicationContext
2023-10-30T00:00:05.621+02:00  INFO 11757 --- [           main] w.s.c.ServletWebServerApplicationContext : Root WebApplicationContext: initialization completed in 79 ms
2023-10-30T00:00:05.633+02:00  INFO 11757 --- [           main] o.hibernate.jpa.internal.util.LogHelper  : HHH000204: Processing PersistenceUnitInfo [name: default]
2023-10-30T00:00:05.635+02:00  INFO 11757 --- [           main] o.h.b.i.BytecodeProviderInitiator        : HHH000021: Bytecode provider name : bytebuddy
2023-10-30T00:00:05.635+02:00  INFO 11757 --- [           main] o.s.o.j.p.SpringPersistenceUnitInfo      : No LoadTimeWeaver setup: ignoring JPA class transformer
2023-10-30T00:00:05.635+02:00  INFO 11757 --- [           main] com.zaxxer.hikari.HikariDataSource       : HikariPool-5 - Starting...
2023-10-30T00:00:05.646+02:00  INFO 11757 --- [           main] com.zaxxer.hikari.pool.HikariPool        : HikariPool-5 - Added connection com.mysql.cj.jdbc.ConnectionImpl@180b7842
2023-10-30T00:00:05.646+02:00  INFO 11757 --- [           main] com.zaxxer.hikari.HikariDataSource       : HikariPool-5 - Start completed.
2023-10-30T00:00:05.650+02:00  INFO 11757 --- [           main] o.h.b.i.BytecodeProviderInitiator        : HHH000021: Bytecode provider name : bytebuddy
2023-10-30T00:00:05.663+02:00  INFO 11757 --- [           main] o.h.e.t.j.p.i.JtaPlatformInitiator       : HHH000490: Using JtaPlatform implementation: [org.hibernate.engine.transaction.jta.platform.internal.NoJtaPlatform]
2023-10-30T00:00:05.690+02:00  INFO 11757 --- [           main] j.LocalContainerEntityManagerFactoryBean : Initialized JPA EntityManagerFactory for persistence unit 'default'
2023-10-30T00:00:05.706+02:00  WARN 11757 --- [           main] JpaBaseConfiguration$JpaWebConfiguration : spring.jpa.open-in-view is enabled by default. Therefore, database queries may be performed during view rendering. Explicitly configure spring.jpa.open-in-view to disable this warning
2023-10-30T00:00:05.743+02:00  INFO 11757 --- [           main] o.s.b.w.embedded.tomcat.TomcatWebServer  : Tomcat started on port(s): 40377 (http) with context path ''
2023-10-30T00:00:05.745+02:00  INFO 11757 --- [           main] c.baden.InstitutionApiIntegrationTest    : Started InstitutionApiIntegrationTest in 0.219 seconds (process running for 6.684)
2023-10-30T00:00:05.753+02:00  INFO 11757 --- [o-auto-5-exec-1] o.a.c.c.C.[Tomcat].[localhost].[/]       : Initializing Spring DispatcherServlet 'dispatcherServlet'
2023-10-30T00:00:05.753+02:00  INFO 11757 --- [o-auto-5-exec-1] o.s.web.servlet.DispatcherServlet        : Initializing Servlet 'dispatcherServlet'
2023-10-30T00:00:05.754+02:00  INFO 11757 --- [o-auto-5-exec-1] o.s.web.servlet.DispatcherServlet        : Completed initialization in 1 ms
2023-10-30T00:00:05.777+02:00  INFO 11757 --- [           main] o.apache.catalina.core.StandardService   : Stopping service [Tomcat]
2023-10-30T00:00:05.778+02:00  INFO 11757 --- [           main] o.a.c.c.C.[Tomcat].[localhost].[/]       : Destroying Spring FrameworkServlet 'dispatcherServlet'
2023-10-30T00:00:05.780+02:00  INFO 11757 --- [           main] j.LocalContainerEntityManagerFactoryBean : Closing JPA EntityManagerFactory for persistence unit 'default'
2023-10-30T00:00:05.780+02:00  INFO 11757 --- [           main] com.zaxxer.hikari.HikariDataSource       : HikariPool-5 - Shutdown initiated...
2023-10-30T00:00:05.790+02:00  INFO 11757 --- [           main] com.zaxxer.hikari.HikariDataSource       : HikariPool-5 - Shutdown completed.
]]></system-out>
  </testcase>
  <testcase name="getAll_whenDatabaseIsPopulated_shouldReturnListOfInstitutions" classname="com.baden.InstitutionApiIntegrationTest$getMethodTests" time="0.041">
    <system-out><![CDATA[
  .   ____          _            __ _ _
 /\\ / ___'_ __ _ _(_)_ __  __ _ \ \ \ \
( ( )\___ | '_ | '_| | '_ \/ _` | \ \ \ \
 \\/  ___)| |_)| | | | | || (_| |  ) ) ) )
  '  |____| .__|_| |_|_| |_\__, | / / / /
 =========|_|==============|___/=/_/_/_/
 :: Spring Boot ::                (v3.1.4)

2023-10-30T00:00:05.807+02:00  INFO 11757 --- [           main] c.baden.InstitutionApiIntegrationTest    : Starting InstitutionApiIntegrationTest using Java 17.0.7 with PID 11757 (started by baden in /home/baden/Downloads/za-coding-institutions-api)
2023-10-30T00:00:05.807+02:00  INFO 11757 --- [           main] c.baden.InstitutionApiIntegrationTest    : The following 1 profile is active: "default"
2023-10-30T00:00:05.853+02:00  INFO 11757 --- [           main] .s.d.r.c.RepositoryConfigurationDelegate : Bootstrapping Spring Data JPA repositories in DEFAULT mode.
2023-10-30T00:00:05.856+02:00  INFO 11757 --- [           main] .s.d.r.c.RepositoryConfigurationDelegate : Finished Spring Data repository scanning in 2 ms. Found 1 JPA repository interfaces.
2023-10-30T00:00:05.881+02:00  INFO 11757 --- [           main] o.s.b.w.embedded.tomcat.TomcatWebServer  : Tomcat initialized with port(s): 0 (http)
2023-10-30T00:00:05.881+02:00  INFO 11757 --- [           main] o.apache.catalina.core.StandardService   : Starting service [Tomcat]
2023-10-30T00:00:05.882+02:00  INFO 11757 --- [           main] o.apache.catalina.core.StandardEngine    : Starting Servlet engine: [Apache Tomcat/10.1.13]
2023-10-30T00:00:05.887+02:00  INFO 11757 --- [           main] o.a.c.c.C.[Tomcat].[localhost].[/]       : Initializing Spring embedded WebApplicationContext
2023-10-30T00:00:05.888+02:00  INFO 11757 --- [           main] w.s.c.ServletWebServerApplicationContext : Root WebApplicationContext: initialization completed in 79 ms
2023-10-30T00:00:05.902+02:00  INFO 11757 --- [           main] o.hibernate.jpa.internal.util.LogHelper  : HHH000204: Processing PersistenceUnitInfo [name: default]
2023-10-30T00:00:05.903+02:00  INFO 11757 --- [           main] o.h.b.i.BytecodeProviderInitiator        : HHH000021: Bytecode provider name : bytebuddy
2023-10-30T00:00:05.904+02:00  INFO 11757 --- [           main] o.s.o.j.p.SpringPersistenceUnitInfo      : No LoadTimeWeaver setup: ignoring JPA class transformer
2023-10-30T00:00:05.904+02:00  INFO 11757 --- [           main] com.zaxxer.hikari.HikariDataSource       : HikariPool-6 - Starting...
2023-10-30T00:00:05.913+02:00  INFO 11757 --- [           main] com.zaxxer.hikari.pool.HikariPool        : HikariPool-6 - Added connection com.mysql.cj.jdbc.ConnectionImpl@5bf9924a
2023-10-30T00:00:05.914+02:00  INFO 11757 --- [           main] com.zaxxer.hikari.HikariDataSource       : HikariPool-6 - Start completed.
2023-10-30T00:00:05.917+02:00  INFO 11757 --- [           main] o.h.b.i.BytecodeProviderInitiator        : HHH000021: Bytecode provider name : bytebuddy
2023-10-30T00:00:05.926+02:00  INFO 11757 --- [           main] o.h.e.t.j.p.i.JtaPlatformInitiator       : HHH000490: Using JtaPlatform implementation: [org.hibernate.engine.transaction.jta.platform.internal.NoJtaPlatform]
2023-10-30T00:00:06.005+02:00  INFO 11757 --- [           main] j.LocalContainerEntityManagerFactoryBean : Initialized JPA EntityManagerFactory for persistence unit 'default'
2023-10-30T00:00:06.022+02:00  WARN 11757 --- [           main] JpaBaseConfiguration$JpaWebConfiguration : spring.jpa.open-in-view is enabled by default. Therefore, database queries may be performed during view rendering. Explicitly configure spring.jpa.open-in-view to disable this warning
2023-10-30T00:00:06.063+02:00  INFO 11757 --- [           main] o.s.b.w.embedded.tomcat.TomcatWebServer  : Tomcat started on port(s): 42743 (http) with context path ''
2023-10-30T00:00:06.065+02:00  INFO 11757 --- [           main] c.baden.InstitutionApiIntegrationTest    : Started InstitutionApiIntegrationTest in 0.273 seconds (process running for 7.004)
2023-10-30T00:00:06.073+02:00  INFO 11757 --- [o-auto-6-exec-1] o.a.c.c.C.[Tomcat].[localhost].[/]       : Initializing Spring DispatcherServlet 'dispatcherServlet'
2023-10-30T00:00:06.073+02:00  INFO 11757 --- [o-auto-6-exec-1] o.s.web.servlet.DispatcherServlet        : Initializing Servlet 'dispatcherServlet'
2023-10-30T00:00:06.073+02:00  INFO 11757 --- [o-auto-6-exec-1] o.s.web.servlet.DispatcherServlet        : Completed initialization in 0 ms
2023-10-30T00:00:06.102+02:00  INFO 11757 --- [           main] o.apache.catalina.core.StandardService   : Stopping service [Tomcat]
2023-10-30T00:00:06.103+02:00  INFO 11757 --- [           main] o.a.c.c.C.[Tomcat].[localhost].[/]       : Destroying Spring FrameworkServlet 'dispatcherServlet'
2023-10-30T00:00:06.105+02:00  INFO 11757 --- [           main] j.LocalContainerEntityManagerFactoryBean : Closing JPA EntityManagerFactory for persistence unit 'default'
2023-10-30T00:00:06.105+02:00  INFO 11757 --- [           main] com.zaxxer.hikari.HikariDataSource       : HikariPool-6 - Shutdown initiated...
2023-10-30T00:00:06.109+02:00  INFO 11757 --- [           main] com.zaxxer.hikari.HikariDataSource       : HikariPool-6 - Shutdown completed.
]]></system-out>
  </testcase>
  <testcase name="getAll_whenDatabaseIsEmpty_shouldReturnEmptyList" classname="com.baden.InstitutionApiIntegrationTest$getMethodTests" time="0.025">
    <system-out><![CDATA[
  .   ____          _            __ _ _
 /\\ / ___'_ __ _ _(_)_ __  __ _ \ \ \ \
( ( )\___ | '_ | '_| | '_ \/ _` | \ \ \ \
 \\/  ___)| |_)| | | | | || (_| |  ) ) ) )
  '  |____| .__|_| |_|_| |_\__, | / / / /
 =========|_|==============|___/=/_/_/_/
 :: Spring Boot ::                (v3.1.4)

2023-10-30T00:00:06.118+02:00  INFO 11757 --- [           main] c.baden.InstitutionApiIntegrationTest    : Starting InstitutionApiIntegrationTest using Java 17.0.7 with PID 11757 (started by baden in /home/baden/Downloads/za-coding-institutions-api)
2023-10-30T00:00:06.118+02:00  INFO 11757 --- [           main] c.baden.InstitutionApiIntegrationTest    : The following 1 profile is active: "default"
2023-10-30T00:00:06.182+02:00  INFO 11757 --- [           main] .s.d.r.c.RepositoryConfigurationDelegate : Bootstrapping Spring Data JPA repositories in DEFAULT mode.
2023-10-30T00:00:06.185+02:00  INFO 11757 --- [           main] .s.d.r.c.RepositoryConfigurationDelegate : Finished Spring Data repository scanning in 2 ms. Found 1 JPA repository interfaces.
2023-10-30T00:00:06.210+02:00  INFO 11757 --- [           main] o.s.b.w.embedded.tomcat.TomcatWebServer  : Tomcat initialized with port(s): 0 (http)
2023-10-30T00:00:06.210+02:00  INFO 11757 --- [           main] o.apache.catalina.core.StandardService   : Starting service [Tomcat]
2023-10-30T00:00:06.210+02:00  INFO 11757 --- [           main] o.apache.catalina.core.StandardEngine    : Starting Servlet engine: [Apache Tomcat/10.1.13]
2023-10-30T00:00:06.215+02:00  INFO 11757 --- [           main] o.a.c.c.C.[Tomcat].[localhost].[/]       : Initializing Spring embedded WebApplicationContext
2023-10-30T00:00:06.215+02:00  INFO 11757 --- [           main] w.s.c.ServletWebServerApplicationContext : Root WebApplicationContext: initialization completed in 96 ms
2023-10-30T00:00:06.232+02:00  INFO 11757 --- [           main] o.hibernate.jpa.internal.util.LogHelper  : HHH000204: Processing PersistenceUnitInfo [name: default]
2023-10-30T00:00:06.234+02:00  INFO 11757 --- [           main] o.h.b.i.BytecodeProviderInitiator        : HHH000021: Bytecode provider name : bytebuddy
2023-10-30T00:00:06.234+02:00  INFO 11757 --- [           main] o.s.o.j.p.SpringPersistenceUnitInfo      : No LoadTimeWeaver setup: ignoring JPA class transformer
2023-10-30T00:00:06.234+02:00  INFO 11757 --- [           main] com.zaxxer.hikari.HikariDataSource       : HikariPool-7 - Starting...
2023-10-30T00:00:06.250+02:00  INFO 11757 --- [           main] com.zaxxer.hikari.pool.HikariPool        : HikariPool-7 - Added connection com.mysql.cj.jdbc.ConnectionImpl@4692047b
2023-10-30T00:00:06.250+02:00  INFO 11757 --- [           main] com.zaxxer.hikari.HikariDataSource       : HikariPool-7 - Start completed.
2023-10-30T00:00:06.254+02:00  INFO 11757 --- [           main] o.h.b.i.BytecodeProviderInitiator        : HHH000021: Bytecode provider name : bytebuddy
2023-10-30T00:00:06.263+02:00  INFO 11757 --- [           main] o.h.e.t.j.p.i.JtaPlatformInitiator       : HHH000490: Using JtaPlatform implementation: [org.hibernate.engine.transaction.jta.platform.internal.NoJtaPlatform]
2023-10-30T00:00:06.292+02:00  INFO 11757 --- [           main] j.LocalContainerEntityManagerFactoryBean : Initialized JPA EntityManagerFactory for persistence unit 'default'
2023-10-30T00:00:06.309+02:00  WARN 11757 --- [           main] JpaBaseConfiguration$JpaWebConfiguration : spring.jpa.open-in-view is enabled by default. Therefore, database queries may be performed during view rendering. Explicitly configure spring.jpa.open-in-view to disable this warning
2023-10-30T00:00:06.346+02:00  INFO 11757 --- [           main] o.s.b.w.embedded.tomcat.TomcatWebServer  : Tomcat started on port(s): 37035 (http) with context path ''
2023-10-30T00:00:06.348+02:00  INFO 11757 --- [           main] c.baden.InstitutionApiIntegrationTest    : Started InstitutionApiIntegrationTest in 0.237 seconds (process running for 7.287)
2023-10-30T00:00:06.352+02:00  INFO 11757 --- [o-auto-7-exec-1] o.a.c.c.C.[Tomcat].[localhost].[/]       : Initializing Spring DispatcherServlet 'dispatcherServlet'
2023-10-30T00:00:06.352+02:00  INFO 11757 --- [o-auto-7-exec-1] o.s.web.servlet.DispatcherServlet        : Initializing Servlet 'dispatcherServlet'
2023-10-30T00:00:06.352+02:00  INFO 11757 --- [o-auto-7-exec-1] o.s.web.servlet.DispatcherServlet        : Completed initialization in 0 ms
2023-10-30T00:00:06.361+02:00  INFO 11757 --- [           main] o.apache.catalina.core.StandardService   : Stopping service [Tomcat]
2023-10-30T00:00:06.361+02:00  INFO 11757 --- [           main] o.a.c.c.C.[Tomcat].[localhost].[/]       : Destroying Spring FrameworkServlet 'dispatcherServlet'
2023-10-30T00:00:06.364+02:00  INFO 11757 --- [           main] j.LocalContainerEntityManagerFactoryBean : Closing JPA EntityManagerFactory for persistence unit 'default'
2023-10-30T00:00:06.365+02:00  INFO 11757 --- [           main] com.zaxxer.hikari.HikariDataSource       : HikariPool-7 - Shutdown initiated...
2023-10-30T00:00:06.373+02:00  INFO 11757 --- [           main] com.zaxxer.hikari.HikariDataSource       : HikariPool-7 - Shutdown completed.
]]></system-out>
  </testcase>
  <testcase name="getOne_whenInstitutionNotFound_shouldReturnErrorResponse" classname="com.baden.InstitutionApiIntegrationTest$getMethodTests" time="0.031">
    <system-out><![CDATA[
  .   ____          _            __ _ _
 /\\ / ___'_ __ _ _(_)_ __  __ _ \ \ \ \
( ( )\___ | '_ | '_| | '_ \/ _` | \ \ \ \
 \\/  ___)| |_)| | | | | || (_| |  ) ) ) )
  '  |____| .__|_| |_|_| |_\__, | / / / /
 =========|_|==============|___/=/_/_/_/
 :: Spring Boot ::                (v3.1.4)

2023-10-30T00:00:06.390+02:00  INFO 11757 --- [           main] c.baden.InstitutionApiIntegrationTest    : Starting InstitutionApiIntegrationTest using Java 17.0.7 with PID 11757 (started by baden in /home/baden/Downloads/za-coding-institutions-api)
2023-10-30T00:00:06.390+02:00  INFO 11757 --- [           main] c.baden.InstitutionApiIntegrationTest    : The following 1 profile is active: "default"
2023-10-30T00:00:06.435+02:00  INFO 11757 --- [           main] .s.d.r.c.RepositoryConfigurationDelegate : Bootstrapping Spring Data JPA repositories in DEFAULT mode.
2023-10-30T00:00:06.439+02:00  INFO 11757 --- [           main] .s.d.r.c.RepositoryConfigurationDelegate : Finished Spring Data repository scanning in 3 ms. Found 1 JPA repository interfaces.
2023-10-30T00:00:06.463+02:00  INFO 11757 --- [           main] o.s.b.w.embedded.tomcat.TomcatWebServer  : Tomcat initialized with port(s): 0 (http)
2023-10-30T00:00:06.463+02:00  INFO 11757 --- [           main] o.apache.catalina.core.StandardService   : Starting service [Tomcat]
2023-10-30T00:00:06.464+02:00  INFO 11757 --- [           main] o.apache.catalina.core.StandardEngine    : Starting Servlet engine: [Apache Tomcat/10.1.13]
2023-10-30T00:00:06.468+02:00  INFO 11757 --- [           main] o.a.c.c.C.[Tomcat].[localhost].[/]       : Initializing Spring embedded WebApplicationContext
2023-10-30T00:00:06.469+02:00  INFO 11757 --- [           main] w.s.c.ServletWebServerApplicationContext : Root WebApplicationContext: initialization completed in 78 ms
2023-10-30T00:00:06.482+02:00  INFO 11757 --- [           main] o.hibernate.jpa.internal.util.LogHelper  : HHH000204: Processing PersistenceUnitInfo [name: default]
2023-10-30T00:00:06.484+02:00  INFO 11757 --- [           main] o.h.b.i.BytecodeProviderInitiator        : HHH000021: Bytecode provider name : bytebuddy
2023-10-30T00:00:06.484+02:00  INFO 11757 --- [           main] o.s.o.j.p.SpringPersistenceUnitInfo      : No LoadTimeWeaver setup: ignoring JPA class transformer
2023-10-30T00:00:06.484+02:00  INFO 11757 --- [           main] com.zaxxer.hikari.HikariDataSource       : HikariPool-8 - Starting...
2023-10-30T00:00:06.494+02:00  INFO 11757 --- [           main] com.zaxxer.hikari.pool.HikariPool        : HikariPool-8 - Added connection com.mysql.cj.jdbc.ConnectionImpl@4a61254b
2023-10-30T00:00:06.494+02:00  INFO 11757 --- [           main] com.zaxxer.hikari.HikariDataSource       : HikariPool-8 - Start completed.
2023-10-30T00:00:06.498+02:00  INFO 11757 --- [           main] o.h.b.i.BytecodeProviderInitiator        : HHH000021: Bytecode provider name : bytebuddy
2023-10-30T00:00:06.505+02:00  INFO 11757 --- [           main] o.h.e.t.j.p.i.JtaPlatformInitiator       : HHH000490: Using JtaPlatform implementation: [org.hibernate.engine.transaction.jta.platform.internal.NoJtaPlatform]
2023-10-30T00:00:06.531+02:00  INFO 11757 --- [           main] j.LocalContainerEntityManagerFactoryBean : Initialized JPA EntityManagerFactory for persistence unit 'default'
2023-10-30T00:00:06.547+02:00  WARN 11757 --- [           main] JpaBaseConfiguration$JpaWebConfiguration : spring.jpa.open-in-view is enabled by default. Therefore, database queries may be performed during view rendering. Explicitly configure spring.jpa.open-in-view to disable this warning
2023-10-30T00:00:06.585+02:00  INFO 11757 --- [           main] o.s.b.w.embedded.tomcat.TomcatWebServer  : Tomcat started on port(s): 46859 (http) with context path ''
2023-10-30T00:00:06.588+02:00  INFO 11757 --- [           main] c.baden.InstitutionApiIntegrationTest    : Started InstitutionApiIntegrationTest in 0.212 seconds (process running for 7.527)
2023-10-30T00:00:06.595+02:00  INFO 11757 --- [o-auto-8-exec-1] o.a.c.c.C.[Tomcat].[localhost].[/]       : Initializing Spring DispatcherServlet 'dispatcherServlet'
2023-10-30T00:00:06.595+02:00  INFO 11757 --- [o-auto-8-exec-1] o.s.web.servlet.DispatcherServlet        : Initializing Servlet 'dispatcherServlet'
2023-10-30T00:00:06.595+02:00  INFO 11757 --- [o-auto-8-exec-1] o.s.web.servlet.DispatcherServlet        : Completed initialization in 0 ms
2023-10-30T00:00:06.607+02:00  INFO 11757 --- [           main] o.apache.catalina.core.StandardService   : Stopping service [Tomcat]
2023-10-30T00:00:06.608+02:00  INFO 11757 --- [           main] o.a.c.c.C.[Tomcat].[localhost].[/]       : Destroying Spring FrameworkServlet 'dispatcherServlet'
2023-10-30T00:00:06.611+02:00  INFO 11757 --- [           main] j.LocalContainerEntityManagerFactoryBean : Closing JPA EntityManagerFactory for persistence unit 'default'
2023-10-30T00:00:06.611+02:00  INFO 11757 --- [           main] com.zaxxer.hikari.HikariDataSource       : HikariPool-8 - Shutdown initiated...
2023-10-30T00:00:06.620+02:00  INFO 11757 --- [           main] com.zaxxer.hikari.HikariDataSource       : HikariPool-8 - Shutdown completed.
]]></system-out>
  </testcase>
</testsuite>